<?xml version="1.0" encoding="UTF-8"?>
<!-- Generated by org.testng.reporters.JUnitReportReporter -->
<testsuite hostname="sz11090421-PC" name="TestNG1.Case1" tests="1" failures="0" timestamp="20 Oct 2016 07:25:46 GMT" time="9.401" errors="0">
  <testcase name="TestNGPoppyCase" time="9.401" classname="TestNG1.Case1"/>
</testsuite> <!-- TestNG1.Case1 -->
